0 info it worked if it ends with ok
1 verbose cli [ '/usr/local/bin/node', '/usr/local/bin/npm', 'publish', './' ]
2 info using npm@2.5.1
3 info using node@v0.12.0
4 verbose publish [ './' ]
5 silly cache add args [ './', null ]
6 verbose cache add spec ./
7 silly cache add parsed spec { raw: './',
7 silly cache add   scope: null,
7 silly cache add   name: null,
7 silly cache add   rawSpec: './',
7 silly cache add   spec: '/home/mod/code/npm/dm-cms',
7 silly cache add   type: 'directory' }
8 verbose addLocalDirectory /home/mod/.npm/dm-cms/0.0.1/package.tgz not in flight; packing
9 verbose tar pack [ '/home/mod/.npm/dm-cms/0.0.1/package.tgz',
9 verbose tar pack   '/home/mod/code/npm/dm-cms' ]
10 verbose tarball /home/mod/.npm/dm-cms/0.0.1/package.tgz
11 verbose folder /home/mod/code/npm/dm-cms
12 info prepublish dm-cms@0.0.1
13 verbose addLocalTarball adding from inside cache /home/mod/.npm/dm-cms/0.0.1/package.tgz
14 silly cache afterAdd dm-cms@0.0.1
15 verbose afterAdd /home/mod/.npm/dm-cms/0.0.1/package/package.json not in flight; writing
16 verbose afterAdd /home/mod/.npm/dm-cms/0.0.1/package/package.json written
17 silly publish { name: 'dm-cms',
17 silly publish   version: '0.0.1',
17 silly publish   description: 'my try for a cms',
17 silly publish   main: 'index.js',
17 silly publish   scripts: { test: 'mocha -r landing' },
17 silly publish   repository: { type: 'git', url: 'https://github.com/divramod/dm-cms.git' },
17 silly publish   keywords: [ 'cms', 'angular', 'nodejs', 'koajs' ],
17 silly publish   author:
17 silly publish    { name: 'Arvid Petermann',
17 silly publish      email: 'arvidpetermann@gmail.com',
17 silly publish      url: 'http://arvidpetermann.com/' },
17 silly publish   license: 'ISC',
17 silly publish   bugs: { url: 'https://github.com/divramod/dm-cms/issues' },
17 silly publish   homepage: 'https://github.com/divramod/dm-cms',
17 silly publish   bin: { dmcms: './bin/dm-cms' },
17 silly publish   dependencies:
17 silly publish    { co: '^4.5.4',
17 silly publish      colors: '^1.1.2',
17 silly publish      grunt: '^0.4.5',
17 silly publish      'grunt-bump': '^0.3.1',
17 silly publish      shelljs: '^0.5.1' },
17 silly publish   readme: 'https://quickleft.com/blog/creating-and-publishing-a-node-js-module/\n\n# npm commands\n\n    npm install . -g\n    npm publish ./\n',
17 silly publish   readmeFilename: 'README.markdown',
17 silly publish   gitHead: '01ec637ed2365ba49b8bebcc629e6fe22d313836',
17 silly publish   _id: 'dm-cms@0.0.1',
17 silly publish   _shasum: '77aed6640bd7a58c2d286a61e03ae516440c9a8c',
17 silly publish   _from: '.' }
18 silly mapToRegistry name dm-cms
19 silly mapToRegistry using default registry
20 silly mapToRegistry registry https://registry.npmjs.org/
21 silly mapToRegistry uri https://registry.npmjs.org/dm-cms
22 verbose publish registryBase https://registry.npmjs.org/
23 silly publish uploading /home/mod/.npm/dm-cms/0.0.1/package.tgz
24 verbose request uri https://registry.npmjs.org/dm-cms
25 verbose request sending authorization for write operation
26 info attempt registry request try #1 at 9:19:44 PM
27 verbose request using bearer token for auth
28 verbose request id 8442ad5d8ecf978e
29 http request PUT https://registry.npmjs.org/dm-cms
30 http 403 https://registry.npmjs.org/dm-cms
31 verbose headers { 'content-type': 'application/json',
31 verbose headers   'cache-control': 'max-age=60',
31 verbose headers   'content-length': '95',
31 verbose headers   'accept-ranges': 'bytes',
31 verbose headers   date: 'Wed, 24 Jun 2015 19:19:45 GMT',
31 verbose headers   via: '1.1 varnish',
31 verbose headers   connection: 'keep-alive',
31 verbose headers   'x-served-by': 'cache-fra1220-FRA',
31 verbose headers   'x-cache': 'MISS',
31 verbose headers   'x-cache-hits': '0',
31 verbose headers   'x-timer': 'S1435173585.146060,VS0,VE716' }
32 verbose request invalidating /home/mod/.npm/registry.npmjs.org/dm-cms on PUT
33 error publish Failed PUT 403
34 verbose stack Error: "You cannot publish over the previously published version 0.0.1." : dm-cms
34 verbose stack     at CachingRegistryClient.<anonymous> (/usr/local/lib/node_modules/npm/node_modules/npm-registry-client/lib/request.js:254:14)
34 verbose stack     at Request._callback (/usr/local/lib/node_modules/npm/node_modules/npm-registry-client/lib/request.js:178:14)
34 verbose stack     at Request.self.callback (/usr/local/lib/node_modules/npm/node_modules/request/request.js:344:22)
34 verbose stack     at Request.emit (events.js:110:17)
34 verbose stack     at Request.<anonymous> (/usr/local/lib/node_modules/npm/node_modules/request/request.js:1239:14)
34 verbose stack     at Request.emit (events.js:129:20)
34 verbose stack     at IncomingMessage.<anonymous> (/usr/local/lib/node_modules/npm/node_modules/request/request.js:1187:12)
34 verbose stack     at IncomingMessage.emit (events.js:129:20)
34 verbose stack     at _stream_readable.js:908:16
34 verbose stack     at process._tickCallback (node.js:355:11)
35 verbose statusCode 403
36 verbose pkgid dm-cms
37 verbose cwd /home/mod/code/npm/dm-cms
38 error Linux 3.16.0-41-generic
39 error argv "/usr/local/bin/node" "/usr/local/bin/npm" "publish" "./"
40 error node v0.12.0
41 error npm  v2.5.1
42 error code E403
43 error "You cannot publish over the previously published version 0.0.1." : dm-cms
44 error If you need help, you may report this error at:
44 error     <http://github.com/npm/npm/issues>
45 verbose exit [ 1, true ]
